{
    "id": 1764188766760,
    "problem_id": 7,
    "language": "cpp",
    "code": "#include <bits/stdc++.h>\nusing namespace std;\n\nint main() {\n  cout << 0 << endl;\n}",
    "status": "Compilation Error",
    "output": "temp/ec2504fa-1034-4465-b822-65652576e448.cpp:1:10: fatal error: 'bits/stdc++.h' file not found\n    1 | #include <bits/stdc++.h>\n      |          ^~~~~~~~~~~~~~~\n1 error generated.\n",
    "passed_count": 0,
    "total_count": 3,
    "details": [
        {
            "id": 1,
            "status": "Compilation Error",
            "input": "5 4\n0 1\n0 2\n0 3\n2 4",
            "expected": "0 1 2 3 4",
            "actual": "",
            "error": "temp/ec2504fa-1034-4465-b822-65652576e448.cpp:1:10: fatal error: 'bits/stdc++.h' file not found\n    1 | #include <bits/stdc++.h>\n      |          ^~~~~~~~~~~~~~~\n1 error generated.\n"
        }
    ],
    "timestamp": "2025-11-27 01:56:06"
}