{
    "id": 1764189694598,
    "problem_id": 7,
    "language": "cpp",
    "code": "#include <iostream>\n#include <vector>\n#include <string>\n#include <algorithm>\n#include <cmath>\n#include <map>\n#include <set>\n#include <queue>\n#include <stack>\n#include <numeric>\n\n// using namespace std; // Optional\n\nint main() {\n    int n;\n  \tcin >> n;\n  \t\n    return 0;\n}",
    "status": "Compilation Error",
    "output": "temp/94522780-bcfd-41f6-bc16-d9caf90e51bf.cpp: In function 'int main()':\ntemp/94522780-bcfd-41f6-bc16-d9caf90e51bf.cpp:16:9: error: 'cin' was not declared in this scope; did you mean 'std::cin'?\n   16 |         cin >> n;\n      |         ^~~\n      |         std::cin\nIn file included from temp/94522780-bcfd-41f6-bc16-d9caf90e51bf.cpp:1:\n/opt/homebrew/Cellar/gcc/15.2.0/include/c++/15/iostream:64:18: note: 'std::cin' declared here\n   64 |   extern istream cin;           ///< Linked to standard input\n      |                  ^~~\n",
    "passed_count": 0,
    "total_count": 3,
    "details": [
        {
            "id": 1,
            "status": "Compilation Error",
            "input": "5 4\n0 1\n0 2\n0 3\n2 4",
            "expected": "0 1 2 3 4",
            "actual": "",
            "error": "temp/94522780-bcfd-41f6-bc16-d9caf90e51bf.cpp: In function 'int main()':\ntemp/94522780-bcfd-41f6-bc16-d9caf90e51bf.cpp:16:9: error: 'cin' was not declared in this scope; did you mean 'std::cin'?\n   16 |         cin >> n;\n      |         ^~~\n      |         std::cin\nIn file included from temp/94522780-bcfd-41f6-bc16-d9caf90e51bf.cpp:1:\n/opt/homebrew/Cellar/gcc/15.2.0/include/c++/15/iostream:64:18: note: 'std::cin' declared here\n   64 |   extern istream cin;           ///< Linked to standard input\n      |                  ^~~\n"
        }
    ],
    "timestamp": "2025-11-27 02:11:34"
}